Thu 30 Jan 2025 11:52:32 AM EST
$PROBLEM From bbr: see 106.yaml for details

$INPUT C NUM ID TIME SEQ CMT EVID AMT DV AGE WT HT EGFR ALB BMI SEX AAG
       SCR AST ALT CP TAFD TAD LDOS MDV BLQ PHASE

$DATA ../../../extdata/derived/analysis3.csv IGNORE=(C='C', BLQ=1)

$SUBROUTINE ADVAN4 TRANS4

$PK

;log transformed PK parms

V2WT = LOG(WT/70)
CLWT = LOG(WT/70)*0.75
CLEGFR = LOG(EGFR/90)*THETA(6)
CLAGE = LOG(AGE/35)*THETA(7)
V3WT = LOG(WT/70)
QWT  = LOG(WT/70)*0.75
CLALB = LOG(ALB/4.5)*THETA(8)


KA   = EXP(THETA(1)+ETA(1))
V2   = EXP(THETA(2)+V2WT+ETA(2))
CL   = EXP(THETA(3)+CLWT+CLEGFR+CLAGE+CLALB+ETA(3))
V3   = EXP(THETA(4)+V3WT)
Q    = EXP(THETA(5)+QWT)

S2 = V2/1000 ; dose in mcg, conc in mcg/mL

$ERROR
IPRED = F
Y=IPRED*(1+EPS(1))

$THETA  ; log values
(0.5)   ;  1 KA (1/hr) - 1.5
(3.5)   ;  2 V2 (L) - 60
(1)     ;  3 CL (L/hr) - 3.5
(4)     ;  4 V3 (L) - 70
(2)     ;  5 Q  (L/hr) - 4
(1)     ;  6 CLEGFR~CL ()
(1)     ;  7 AGE~CL ()
(0.5)   ;  8 ALB~CL ()

$OMEGA BLOCK(3)
0.2   ;ETA(KA)
0.01 0.2   ;ETA(V2)
0.01 0.01 0.2   ;ETA(CL)

$SIGMA
0.05 FIX     ; 1 pro error

$EST MAXEVAL=9999 METHOD=1 INTER SIGL=6 NSIG=3 PRINT=1 MSFO=./106.msf
$COV PRINT=E
$TABLE NUM CL V2 Q V3 KA ETAS(1:LAST) IPRED NPDE CWRES NOPRINT ONEHEADER FILE=106.tab
$TABLE NUM CL V2 Q V3 KA ETAS(1:LAST) NOAPPEND NOPRINT ONEHEADER FILE=106par.tab

NM-TRAN MESSAGES
  
 WARNINGS AND ERRORS (IF ANY) FOR PROBLEM    1
             
 (WARNING  2) NM-TRAN INFERS THAT THE DATA ARE POPULATION.

 LIM VALUES MAXLIM ASSESSED BY NMTRAN: 1,2,3,4,5,6,7,8,10,11,13,15,16        
  
Note: Analytical 2nd Derivatives are constructed in FSUBS but are never used.
      You may insert $ABBR DERIV2=NO after the first $PROB to save FSUBS construction and compilation time
  

License Registered to: Metrum Research Group (with RADAR5NM)
Expiration Date:    14 JUL 2025
Current Date:       30 JAN 2025
Days until program expires : 164
1NONLINEAR MIXED EFFECTS MODEL PROGRAM (NONMEM) VERSION 7.5.1
 ORIGINALLY DEVELOPED BY STUART BEAL, LEWIS SHEINER, AND ALISON BOECKMANN
 CURRENT DEVELOPERS ARE ROBERT BAUER, ICON DEVELOPMENT SOLUTIONS,
 AND ALISON BOECKMANN. IMPLEMENTATION, EFFICIENCY, AND STANDARDIZATION
 PERFORMED BY NOUS INFOSYSTEMS.

 PROBLEM NO.:         1
 From bbr: see 106.yaml for details
0DATA CHECKOUT RUN:              NO
 DATA SET LOCATED ON UNIT NO.:    2
 THIS UNIT TO BE REWOUND:        NO
 NO. OF DATA RECS IN DATA SET:     4292
 NO. OF DATA ITEMS IN DATA SET:  27
 ID DATA ITEM IS DATA ITEM NO.:   3
 DEP VARIABLE IS DATA ITEM NO.:   9
 MDV DATA ITEM IS DATA ITEM NO.: 25
0INDICES PASSED TO SUBROUTINE PRED:
   7   4   8   0   0   0   6   0   0   0   0
0LABELS FOR DATA ITEMS:
 C NUM ID TIME SEQ CMT EVID AMT DV AGE WT HT EGFR ALB BMI SEX AAG SCR AST ALT CP TAFD TAD LDOS MDV BLQ PHASE
0(NONBLANK) LABELS FOR PRED-DEFINED ITEMS:
 KA V2 CL V3 Q IPRED
0FORMAT FOR DATA:
 (2(10E7.0/),7E7.0)

 TOT. NO. OF OBS RECS:     3142
 TOT. NO. OF INDIVIDUALS:      160
0LENGTH OF THETA:   8
0DEFAULT THETA BOUNDARY TEST OMITTED:    NO
0OMEGA HAS BLOCK FORM:
  1
  1  1
  1  1  1
0DEFAULT OMEGA BOUNDARY TEST OMITTED:    NO
0SIGMA HAS SIMPLE DIAGONAL FORM WITH DIMENSION:   1
0DEFAULT SIGMA BOUNDARY TEST OMITTED:    NO
0INITIAL ESTIMATE OF THETA:
   0.5000E+00  0.3500E+01  0.1000E+01  0.4000E+01  0.2000E+01  0.1000E+01  0.1000E+01  0.5000E+00
0INITIAL ESTIMATE OF OMEGA:
 BLOCK SET NO.   BLOCK                                                                    FIXED
        1                                                                                   NO
                  0.2000E+00
                  0.1000E-01   0.2000E+00
                  0.1000E-01   0.1000E-01   0.2000E+00
0INITIAL ESTIMATE OF SIGMA:
 0.5000E-01
0SIGMA CONSTRAINED TO BE THIS INITIAL ESTIMATE
0COVARIANCE STEP OMITTED:        NO
 EIGENVLS. PRINTED:             YES
 SPECIAL COMPUTATION:            NO
 COMPRESSED FORMAT:              NO
 GRADIENT METHOD USED:     NOSLOW
 SIGDIGITS ETAHAT (SIGLO):                  -1
 SIGDIGITS GRADIENTS (SIGL):                -1
 EXCLUDE COV FOR FOCE (NOFCOV):              NO
 Cholesky Transposition of R Matrix (CHOLROFF):0
 KNUTHSUMOFF:                                -1
 RESUME COV ANALYSIS (RESUME):               NO
 SIR SAMPLE SIZE (SIRSAMPLE):
 NON-LINEARLY TRANSFORM THETAS DURING COV (THBND): 1
 PRECONDTIONING CYCLES (PRECOND):        0
 PRECONDTIONING TYPES (PRECONDS):        TOS
 FORCED PRECONDTIONING CYCLES (PFCOND):0
 PRECONDTIONING TYPE (PRETYPE):        0
 FORCED POS. DEFINITE SETTING DURING PRECONDITIONING: (FPOSDEF):0
 SIMPLE POS. DEFINITE SETTING: (POSDEF):-1
0TABLES STEP OMITTED:    NO
 NO. OF TABLES:           2
 SEED NUMBER (SEED):    11456
 NPDTYPE:    0
 INTERPTYPE:    0
 RANMETHOD:             3U
 MC SAMPLES (ESAMPLE):    300
 WRES SQUARE ROOT TYPE (WRESCHOL): EIGENVALUE
0-- TABLE   1 --
0RECORDS ONLY:    ALL
04 COLUMNS APPENDED:    YES
 PRINTED:                NO
 HEADERS:               ONE
 FILE TO BE FORWARDED:   NO
 FORMAT:                S1PE11.4
 IDFORMAT:
 LFORMAT:
 RFORMAT:
 FIXED_EFFECT_ETAS:
0USER-CHOSEN ITEMS:
 NUM CL V2 Q V3 KA ETA1 ETA2 ETA3 IPRED NPDE CWRES
0-- TABLE   2 --
0RECORDS ONLY:    ALL
04 COLUMNS APPENDED:    NO
 PRINTED:                NO
 HEADERS:               ONE
 FILE TO BE FORWARDED:   NO
 FORMAT:                S1PE11.4
 IDFORMAT:
 LFORMAT:
 RFORMAT:
 FIXED_EFFECT_ETAS:
0USER-CHOSEN ITEMS:
 NUM CL V2 Q V3 KA ETA1 ETA2 ETA3
1DOUBLE PRECISION PREDPP VERSION 7.5.1

 TWO COMPARTMENT MODEL WITH FIRST-ORDER ABSORPTION (ADVAN4)
0MAXIMUM NO. OF BASIC PK PARAMETERS:   5
0BASIC PK PARAMETERS (AFTER TRANSLATION):
   BASIC PK PARAMETER NO.  1: ELIMINATION RATE (K)
   BASIC PK PARAMETER NO.  2: CENTRAL-TO-PERIPH. RATE (K23)
   BASIC PK PARAMETER NO.  3: PERIPH.-TO-CENTRAL RATE (K32)
   BASIC PK PARAMETER NO.  5: ABSORPTION RATE (KA)
 TRANSLATOR WILL CONVERT PARAMETERS
 CL, V2, Q, V3 TO K, K23, K32 (TRANS4)
0COMPARTMENT ATTRIBUTES
 COMPT. NO.   FUNCTION   INITIAL    ON/OFF      DOSE      DEFAULT    DEFAULT
                         STATUS     ALLOWED    ALLOWED    FOR DOSE   FOR OBS.
    1         DEPOT        OFF        YES        YES        YES        NO
    2         CENTRAL      ON         NO         YES        NO         YES
    3         PERIPH.      ON         NO         YES        NO         NO
    4         OUTPUT       OFF        YES        NO         NO         NO
1
 ADDITIONAL PK PARAMETERS - ASSIGNMENT OF ROWS IN GG
 COMPT. NO.                             INDICES
              SCALE      BIOAVAIL.   ZERO-ORDER  ZERO-ORDER  ABSORB
                         FRACTION    RATE        DURATION    LAG
    1            *           *           *           *           *
    2            6           *           *           *           *
    3            *           *           *           *           *
    4            *           -           -           -           -
             - PARAMETER IS NOT ALLOWED FOR THIS MODEL
             * PARAMETER IS NOT SUPPLIED BY PK SUBROUTINE;
               WILL DEFAULT TO ONE IF APPLICABLE
0DATA ITEM INDICES USED BY PRED ARE:
   EVENT ID DATA ITEM IS DATA ITEM NO.:      7
   TIME DATA ITEM IS DATA ITEM NO.:          4
   DOSE AMOUNT DATA ITEM IS DATA ITEM NO.:   8
   COMPT. NO. DATA ITEM IS DATA ITEM NO.:    6

0PK SUBROUTINE CALLED WITH EVERY EVENT RECORD.
 PK SUBROUTINE NOT CALLED AT NONEVENT (ADDITIONAL OR LAGGED) DOSE TIMES.
0ERROR SUBROUTINE CALLED WITH EVERY EVENT RECORD.
1


 #TBLN:      1
 #METH: First Order Conditional Estimation with Interaction

 ESTIMATION STEP OMITTED:                 NO
 ANALYSIS TYPE:                           POPULATION
 NUMBER OF SADDLE POINT RESET ITERATIONS:      0
 GRADIENT METHOD USED:               NOSLOW
 CONDITIONAL ESTIMATES USED:              YES
 CENTERED ETA:                            NO
 EPS-ETA INTERACTION:                     YES
 LAPLACIAN OBJ. FUNC.:                    NO
 NO. OF FUNCT. EVALS. ALLOWED:            9999
 NO. OF SIG. FIGURES REQUIRED:            3
 INTERMEDIATE PRINTOUT:                   YES
 ESTIMATE OUTPUT TO MSF:                  YES
 IND. OBJ. FUNC. VALUES SORTED:           NO
 NUMERICAL DERIVATIVE
       FILE REQUEST (NUMDER):               NONE
 MAP (ETAHAT) ESTIMATION METHOD (OPTMAP):   0
 ETA HESSIAN EVALUATION METHOD (ETADER):    0
 INITIAL ETA FOR MAP ESTIMATION (MCETA):    0
 SIGDIGITS FOR MAP ESTIMATION (SIGLO):      6
 GRADIENT SIGDIGITS OF
       FIXED EFFECTS PARAMETERS (SIGL):     6
 NOPRIOR SETTING (NOPRIOR):                 0
 NOCOV SETTING (NOCOV):                     OFF
 DERCONT SETTING (DERCONT):                 OFF
 FINAL ETA RE-EVALUATION (FNLETA):          1
 EXCLUDE NON-INFLUENTIAL (NON-INFL.) ETAS
       IN SHRINKAGE (ETASTYPE):             NO
 NON-INFL. ETA CORRECTION (NONINFETA):      0
 RAW OUTPUT FILE (FILE): 106.ext
 EXCLUDE TITLE (NOTITLE):                   NO
 EXCLUDE COLUMN LABELS (NOLABEL):           NO
 FORMAT FOR ADDITIONAL FILES (FORMAT):      S1PE12.5
 PARAMETER ORDER FOR OUTPUTS (ORDER):       TSOL
 KNUTHSUMOFF:                               0
 INCLUDE LNTWOPI:                           NO
 INCLUDE CONSTANT TERM TO PRIOR (PRIORC):   NO
 INCLUDE CONSTANT TERM TO OMEGA (ETA) (OLNTWOPI):NO
 ADDITIONAL CONVERGENCE TEST (CTYPE=4)?:    NO
 EM OR BAYESIAN METHOD USED:                 NONE


 THE FOLLOWING LABELS ARE EQUIVALENT
 PRED=PREDI
 RES=RESI
 WRES=WRESI
 IWRS=IWRESI
 IPRD=IPREDI
 IRS=IRESI

 MONITORING OF SEARCH:


0ITERATION NO.:    0    OBJECTIVE VALUE:   32098.9054683112        NO. OF FUNC. EVALS.:  10
 CUMULATIVE NO. OF FUNC. EVALS.:       10
 NPARAMETR:  5.0000E-01  3.5000E+00  1.0000E+00  4.0000E+00  2.0000E+00  1.0000E+00  1.0000E+00  5.0000E-01  2.0000E-01  1.0000E-02
             1.0000E-02  2.0000E-01  1.0000E-02  2.0000E-01
 PARAMETER:  1.0000E-01  1.0000E-01  1.0000E-01  1.0000E-01  1.0000E-01  1.0000E-01  1.0000E-01  1.0000E-01  1.0000E-01  1.0000E-01
             1.0000E-01  1.0000E-01  1.0000E-01  1.0000E-01
 GRADIENT:   1.5952E+03 -2.7018E+04 -3.1302E+03 -5.5142E+04  1.6629E+04  1.6704E+03  1.5368E+03  2.2411E+02 -7.7306E+01  2.0755E+01
             1.5694E-01 -2.8722E+02 -1.4261E+02 -1.2770E+02

0ITERATION NO.:    1    OBJECTIVE VALUE:   31861.9615042009        NO. OF FUNC. EVALS.:  14
 CUMULATIVE NO. OF FUNC. EVALS.:       24
 NPARAMETR:  4.9852E-01  3.6753E+00  1.0058E+00  4.4089E+00  1.9383E+00  9.9690E-01  9.9715E-01  4.9979E-01  2.0001E-01  9.9998E-03
             1.0000E-02  2.0002E-01  1.0003E-02  2.0001E-01
 PARAMETER:  9.9704E-02  1.0501E-01  1.0058E-01  1.1022E-01  9.6917E-02  9.9690E-02  9.9715E-02  9.9958E-02  1.0001E-01  9.9996E-02
             1.0000E-01  1.0005E-01  1.0003E-01  1.0002E-01
 GRADIENT:   2.9712E+03 -1.2132E+04 -3.9483E+03  5.5025E+04  2.2203E+04  1.5290E+03  1.5301E+03  2.3816E+02 -2.5961E+02  2.5499E+00
             3.2954E+01  3.4729E+01 -9.9514E+01 -1.5449E+02

0ITERATION NO.:    2    OBJECTIVE VALUE:   31754.0615048798        NO. OF FUNC. EVALS.:  15
 CUMULATIVE NO. OF FUNC. EVALS.:       39
 NPARAMETR:  4.9796E-01  3.6913E+00  1.0073E+00  4.3263E+00  1.9217E+00  9.9633E-01  9.9658E-01  4.9975E-01  2.0001E-01  9.9998E-03
             1.0000E-02  2.0002E-01  1.0003E-02  2.0001E-01
 PARAMETER:  9.9593E-02  1.0546E-01  1.0073E-01  1.0816E-01  9.6083E-02  9.9633E-02  9.9658E-02  9.9950E-02  1.0002E-01  9.9996E-02
             9.9999E-02  1.0005E-01  1.0003E-01  1.0003E-01
 GRADIENT:   2.6050E+03 -1.2587E+04 -3.8556E+03  2.7878E+04  1.9540E+04  1.5561E+03  1.5352E+03  2.3920E+02 -1.9839E+02  1.4977E+00
             2.4688E+01  3.2485E+01 -1.0032E+02 -1.4954E+02

0ITERATION NO.:    3    OBJECTIVE VALUE:   31456.7813722057        NO. OF FUNC. EVALS.:  12
 CUMULATIVE NO. OF FUNC. EVALS.:       51
 NPARAMETR:  4.8841E-01  4.0872E+00  1.0398E+00  4.3767E+00  1.6334E+00  9.8261E-01  9.8325E-01  4.9871E-01  2.0006E-01  1.0001E-02
             9.9999E-03  2.0001E-01  1.0011E-02  2.0006E-01
 PARAMETER:  9.7682E-02  1.1678E-01  1.0398E-01  1.0942E-01  8.1671E-02  9.8261E-02  9.8325E-02  9.9742E-02  1.0014E-01  9.9996E-02
             9.9985E-02  1.0003E-01  1.0012E-01  1.0015E-01
 GRADIENT:   1.3348E+03  4.5014E+03 -3.4250E+03  3.2459E+04  1.4027E+04  1.4394E+03  1.4758E+03  2.0485E+02 -5.5529E+01 -4.3755E+01
            -5.9596E+00  1.6969E+02 -3.3745E+01 -1.2452E+02

0ITERATION NO.:    4    OBJECTIVE VALUE:   31431.0891620555        NO. OF FUNC. EVALS.:  12
 CUMULATIVE NO. OF FUNC. EVALS.:       63
 NPARAMETR:  4.7996E-01  3.8237E+00  1.1032E+00  4.4640E+00  1.2224E+00  9.5441E-01  9.5487E-01  4.9673E-01  2.0004E-01  1.0009E-02
             1.0003E-02  1.9988E-01  1.0015E-02  2.0015E-01
 PARAMETER:  9.5993E-02  1.0925E-01  1.1032E-01  1.1160E-01  6.1118E-02  9.5441E-02  9.5487E-02  9.9347E-02  1.0010E-01  1.0008E-01
             1.0002E-01  9.9706E-02  1.0018E-01  1.0038E-01
 GRADIENT:   5.2623E+02 -1.4204E+04 -1.5755E+03  3.1037E+04 -2.1634E+03  1.2491E+03  1.3061E+03  8.9744E+01  5.4035E+00 -1.3033E+01
            -2.6209E+01  5.4539E+01 -6.8138E+01 -5.2803E+01

0ITERATION NO.:    5    OBJECTIVE VALUE:   31383.7929300437        NO. OF FUNC. EVALS.:  12
 CUMULATIVE NO. OF FUNC. EVALS.:       75
 NPARAMETR:  4.8231E-01  3.8341E+00  1.3822E+00  4.4536E+00  1.2876E+00  7.8082E-01  7.7577E-01  4.8823E-01  1.9948E-01  1.0054E-02
             1.0039E-02  1.9908E-01  1.0037E-02  2.0053E-01
 PARAMETER:  9.6461E-02  1.0954E-01  1.3822E-01  1.1134E-01  6.4379E-02  7.8082E-02  7.7577E-02  9.7647E-02  9.8702E-02  1.0067E-01
             1.0052E-01  9.7682E-02  1.0056E-01  1.0129E-01
 GRADIENT:   6.5482E+02 -1.3670E+04  3.1472E+03  3.4627E+04 -8.8019E+02  6.0929E+02  7.7740E+02 -1.2181E+02 -3.3262E+00 -8.9593E+00
            -4.1200E+01  6.6717E+01 -7.0744E+00  7.1274E+00

0ITERATION NO.:    6    OBJECTIVE VALUE:   31336.3315762609        NO. OF FUNC. EVALS.:  12
 CUMULATIVE NO. OF FUNC. EVALS.:       87
 NPARAMETR:  4.8413E-01  3.8311E+00  1.2615E+00  4.4497E+00  1.2846E+00  3.1100E-01  2.6086E-01  4.8292E-01  1.9749E-01  1.0202E-02
             1.0208E-02  1.9617E-01  9.9829E-03  2.0126E-01
 PARAMETER:  9.6826E-02  1.0946E-01  1.2615E-01  1.1124E-01  6.4230E-02  3.1100E-02  2.6086E-02  9.6583E-02  9.3680E-02  1.0267E-01
             1.0273E-01  9.0236E-02  1.0051E-01  1.0308E-01
 GRADIENT:   6.7528E+02 -1.3919E+04  2.0750E+03  3.4018E+04 -8.6365E+02 -6.1900E+02  2.9369E+02 -5.9035E+01 -4.8625E+00 -8.9842E+00
            -3.8741E+01  6.1953E+01 -1.8952E+01  9.7739E+01

0ITERATION NO.:    7    OBJECTIVE VALUE:   31334.7057156956        NO. OF FUNC. EVALS.:  11
 CUMULATIVE NO. OF FUNC. EVALS.:       98
 NPARAMETR:  4.8174E-01  3.8409E+00  1.2186E+00  4.4495E+00  1.2796E+00  6.4805E-01 -5.2172E-01  4.5094E-01  1.9169E-01  1.0629E-02
             1.0706E-02  1.8784E-01  9.8362E-03  1.9822E-01
 PARAMETER:  9.6348E-02  1.0974E-01  1.2186E-01  1.1124E-01  6.3981E-02  6.4805E-02 -5.2172E-02  9.0188E-02  7.8777E-02  1.0857E-01
             1.0936E-01  6.8324E-02  1.0042E-01  9.5258E-02
 GRADIENT:   6.6837E+02 -1.4153E+04  2.1493E+03  3.3628E+04 -1.0207E+03  3.9311E+02 -6.5374E+02 -1.6072E+02 -5.3470E+00 -9.4859E+00
            -3.7546E+01  5.9196E+01 -1.8458E+01  8.3574E+01

0ITERATION NO.:    8    OBJECTIVE VALUE:   31231.8353210606        NO. OF FUNC. EVALS.:  12
 CUMULATIVE NO. OF FUNC. EVALS.:      110
 NPARAMETR:  4.0751E-01  3.9942E+00  1.2328E+00  4.4378E+00  1.2255E+00  5.4046E-01 -5.9027E-01  4.1706E-01  1.0978E-01  1.6351E-02
             1.7233E-02  8.4917E-02  8.5639E-03  1.4164E-01
 PARAMETER:  8.1502E-02  1.1412E-01  1.2328E-01  1.1095E-01  6.1277E-02  5.4046E-02 -5.9027E-02  8.3412E-02 -1.9994E-01  2.2070E-01
             2.3261E-01 -3.4162E-01  9.8176E-02 -8.1333E-02
 GRADIENT:   4.1943E+02 -1.4800E+04  3.3572E+03  3.2085E+04 -3.3620E+03  1.0687E+02 -1.0772E+03 -2.6355E+02 -1.7391E+01 -2.3742E+01
            -4.3813E+01  3.9190E+00 -4.1102E+01 -1.0184E+01

0ITERATION NO.:    9    OBJECTIVE VALUE:   31206.0921078584        NO. OF FUNC. EVALS.:  12
 CUMULATIVE NO. OF FUNC. EVALS.:      122
 NPARAMETR:  5.9770E-01  4.1216E+00  1.2470E+00  4.4253E+00  1.1213E+00  5.8600E-01 -5.7708E-01  5.7109E-01  8.7425E-02  1.9774E-02
             1.9679E-02  6.4000E-02  1.1668E-02  1.6069E-01
 PARAMETER:  1.1954E-01  1.1776E-01  1.2470E-01  1.1063E-01  5.6064E-02  5.8600E-02 -5.7708E-02  1.1422E-01 -3.1377E-01  2.9908E-01
             2.9765E-01 -5.0469E-01  1.3908E-01 -2.3822E-02
 GRADIENT:   7.4238E+02 -8.0690E+03  2.9820E+03  2.8461E+04 -3.5830E+03  2.1207E+02 -9.0742E+02 -1.5589E+02 -2.6897E+01 -1.9504E+01
            -3.9000E+01 -3.7936E+00 -4.4453E+01  4.0369E+01

0ITERATION NO.:   10    OBJECTIVE VALUE:   31187.3446794571        NO. OF FUNC. EVALS.:  11
 CUMULATIVE NO. OF FUNC. EVALS.:      133
 NPARAMETR:  4.2415E-01  4.1334E+00  1.2575E+00  4.4260E+00  1.1652E+00  6.3333E-01 -5.5942E-01  7.0037E-01  7.0765E-02  2.2575E-02
             2.1589E-02  5.1047E-02  1.5319E-02  1.8747E-01
 PARAMETER:  8.4831E-02  1.1810E-01  1.2575E-01  1.1065E-01  5.8262E-02  6.3333E-02 -5.5942E-02  1.4007E-01 -4.1947E-01  3.7951E-01
             3.6294E-01 -6.5757E-01  1.8933E-01  4.7644E-02
 GRADIENT:  -7.3555E+01 -1.1327E+03  2.5861E+03  2.8571E+04 -3.3706E+03  3.0910E+02 -7.4246E+02 -6.4054E+01 -1.8830E+01 -3.0852E+01
            -2.3076E+01 -6.0614E+01 -4.1596E+01  8.8953E+01

0ITERATION NO.:   11    OBJECTIVE VALUE:   31181.8148673773        NO. OF FUNC. EVALS.:  12
 CUMULATIVE NO. OF FUNC. EVALS.:      145
 NPARAMETR:  4.2819E-01  4.1470E+00  1.2254E+00  4.4222E+00  1.1560E+00  6.1618E-01 -5.1621E-01  4.0733E-01  6.5118E-02  2.4940E-02
             2.2775E-02  5.1262E-02  1.9938E-02  1.9342E-01
 PARAMETER:  8.5638E-02  1.1849E-01  1.2254E-01  1.1055E-01  5.7800E-02  6.1618E-02 -5.1621E-02  8.1466E-02 -4.6106E-01  4.3707E-01
             3.9913E-01 -6.8254E-01  2.5819E-01  5.6440E-02
 GRADIENT:  -1.6007E+02  9.6963E+02  2.3923E+03  2.8177E+04 -3.5493E+03  3.1463E+02 -7.0120E+02 -1.9498E+02 -1.9657E+01 -2.7033E+01
            -2.2581E+01 -6.1882E+01 -3.3990E+01  1.0449E+02

0ITERATION NO.:   12    OBJECTIVE VALUE:   31167.4655566674        NO. OF FUNC. EVALS.:  11
 CUMULATIVE NO. OF FUNC. EVALS.:      156
 NPARAMETR:  3.9481E-01  4.1515E+00  1.1776E+00  4.4077E+00  1.0977E+00  5.3994E-01 -6.0694E-01  6.4104E-01  4.0608E-02  3.9617E-02
             3.0538E-02  8.1549E-02  6.8670E-02  1.8823E-01
 PARAMETER:  7.8962E-02  1.1861E-01  1.1776E-01  1.1019E-01  5.4884E-02  5.3994E-02 -6.0694E-02  1.2821E-01 -6.9717E-01  8.7920E-01
             6.7772E-01 -6.6847E-01  8.8250E-01 -1.1288E-01
 GRADIENT:  -6.8585E+02  2.1819E+03  1.6003E+03  2.5445E+04 -6.1039E+03  6.7336E+01 -9.7335E+02 -4.6748E+01 -2.0069E+01  3.4852E+01
            -1.0092E+01 -1.0360E+01  2.2279E+01  5.4763E+01

0ITERATION NO.:   13    OBJECTIVE VALUE:   31165.3999522672        NO. OF FUNC. EVALS.:  12
 CUMULATIVE NO. OF FUNC. EVALS.:      168
 NPARAMETR:  4.1899E-01  4.1489E+00  1.1687E+00  4.4090E+00  1.0966E+00  5.3069E-01 -6.0829E-01  6.3766E-01  4.5309E-02  3.9762E-02
             3.5200E-02  7.3744E-02  7.1797E-02  1.9628E-01
 PARAMETER:  8.3797E-02  1.1854E-01  1.1687E-01  1.1022E-01  5.4829E-02  5.3069E-02 -6.0829E-02  1.2753E-01 -6.4241E-01  8.3539E-01
             7.3954E-01 -7.1806E-01  9.7577E-01 -1.2916E-01
 GRADIENT:  -5.0319E+02  5.5251E+02  1.5612E+03  2.5448E+04 -5.8114E+03  2.8581E+01 -9.8631E+02 -4.4472E+01 -1.8042E+01  1.8449E+01
            -1.9527E+00 -3.4705E+01  3.4206E+01  4.7453E+01

0ITERATION NO.:   14    OBJECTIVE VALUE:   31140.7040036299        NO. OF FUNC. EVALS.:  11
 CUMULATIVE NO. OF FUNC. EVALS.:      179
 NPARAMETR:  4.5888E-01  4.1631E+00  1.2256E+00  4.4033E+00  1.1564E+00  4.3121E-01 -5.1011E-01  4.3751E-01  1.1255E-01  8.1038E-02
             1.3486E-01  1.0672E-01  1.2268E-01  2.7826E-01
 PARAMETER:  9.1776E-02  1.1895E-01  1.2256E-01  1.1008E-01  5.7821E-02  4.3121E-02 -5.1011E-02  8.7503E-02 -1.8745E-01  1.0803E+00
             1.7977E+00 -6.0844E-01  5.4674E-01 -2.2872E-01
 GRADIENT:  -1.5172E+02 -1.5376E+03  2.4459E+03  2.5965E+04 -4.6595E+03 -2.5243E+02 -8.0690E+02 -1.4325E+02 -2.9991E+01  2.7566E+01
             3.9020E+01 -8.5939E+00  1.0490E+01  7.4730E+01

0ITERATION NO.:   15    OBJECTIVE VALUE:   31109.3553526372        NO. OF FUNC. EVALS.:  11
 CUMULATIVE NO. OF FUNC. EVALS.:      190
 NPARAMETR:  4.9087E-01  4.1742E+00  1.2120E+00  4.3978E+00  1.2436E+00  3.6216E-01 -4.2493E-01  3.7558E-01  2.2628E-01  1.4348E-01
             1.7241E-01  1.2797E-01  1.2864E-01  2.2526E-01
 PARAMETER:  9.8173E-02  1.1926E-01  1.2120E-01  1.0994E-01  6.2182E-02  3.6216E-02 -4.2493E-02  7.5116E-02  1.6173E-01  1.3489E+00
             1.6209E+00 -7.4245E-01  4.7225E-01 -3.3251E-01
 GRADIENT:  -6.3944E+01  3.6459E+03  1.6823E+03  2.7342E+04 -1.9899E+03 -6.3265E+02 -8.5625E+02 -1.5140E+02 -1.3830E+01  4.6805E+01
             1.8745E+01 -4.4064E+01  2.1593E+01  5.2563E+01

0ITERATION NO.:   16    OBJECTIVE VALUE:   31030.2690901559        NO. OF FUNC. EVALS.:  12
 CUMULATIVE NO. OF FUNC. EVALS.:      202
 NPARAMETR:  4.1596E-01  4.1401E+00  1.1680E+00  4.3179E+00  1.3507E+00  2.6598E-01 -1.1276E-01  2.8683E-01  1.3737E-01  8.2905E-02
             9.9813E-02  9.8671E-02  8.3821E-02  1.5022E-01
 PARAMETER:  8.3193E-02  1.1829E-01  1.1680E-01  1.0795E-01  6.7534E-02  2.6598E-02 -1.1276E-02  5.7366E-02 -8.7810E-02  1.0003E+00
             1.2043E+00 -6.0570E-01  5.0277E-01 -4.4998E-01
 GRADIENT:   1.6931E+02  6.3862E+03  1.1042E+02  1.7239E+04  1.7424E+03 -1.2698E+03 -1.4293E+02 -1.0510E+02 -3.9039E+01  3.8792E+01
             7.5594E-01 -1.8366E+01  1.8064E+01  3.9471E+01

0ITERATION NO.:   17    OBJECTIVE VALUE:   30999.1369536360        NO. OF FUNC. EVALS.:  11
 CUMULATIVE NO. OF FUNC. EVALS.:      213
 NPARAMETR:  3.4859E-01  4.0785E+00  1.1616E+00  4.2588E+00  1.4665E+00  4.5477E-01  9.7161E-03  3.4234E-01  1.9673E-01  7.5087E-02
             1.0302E-01  8.7133E-02  5.9639E-02  1.1788E-01
 PARAMETER:  6.9719E-02  1.1653E-01  1.1616E-01  1.0647E-01  7.3325E-02  4.5477E-02  9.7161E-04  6.8467E-02  9.1760E-02  7.5708E-01
             1.0387E+00 -5.1361E-01  3.9510E-01 -5.2638E-01
 GRADIENT:   1.8770E+02  2.5608E+03 -1.5299E+02  4.9060E+03  4.8249E+03 -1.0566E+02  2.1177E+02 -3.3383E+01 -1.4215E+00 -1.4664E+01
             4.2761E-01  1.0957E+01 -2.6932E+01  5.5680E+01

0ITERATION NO.:   18    OBJECTIVE VALUE:   30985.0522379574        NO. OF FUNC. EVALS.:  11
 CUMULATIVE NO. OF FUNC. EVALS.:      224
 NPARAMETR:  3.7113E-01  4.0852E+00  1.1500E+00  4.2405E+00  1.3866E+00  5.1290E-01  2.6748E-02  4.2766E-01  1.2587E-01  5.7811E-02
             7.6328E-02  8.4167E-02  6.6964E-02  1.1392E-01
 PARAMETER:  7.4226E-02  1.1672E-01  1.1500E-01  1.0601E-01  6.9332E-02  5.1290E-02  2.6748E-03  8.5533E-02 -1.3152E-01  7.2872E-01
             9.6214E-01 -5.2101E-01  6.2499E-01 -5.9115E-01
 GRADIENT:   2.7759E+02  1.6955E+03 -6.6668E+02  2.6392E+03  2.9121E+03  1.8972E+02  3.1232E+02  4.5821E+01 -3.5571E+01  1.9346E+01
            -1.5183E+01 -4.8894E+00  9.6880E+00  2.6197E+01

0ITERATION NO.:   19    OBJECTIVE VALUE:   30975.9040479250        NO. OF FUNC. EVALS.:  11
 CUMULATIVE NO. OF FUNC. EVALS.:      235
 NPARAMETR:  3.8541E-01  4.0994E+00  1.1461E+00  4.2374E+00  1.3416E+00  4.8065E-01 -1.6817E-02  4.3605E-01  1.3253E-01  5.4629E-02
             9.3605E-02  8.4399E-02  7.1366E-02  1.2617E-01
 PARAMETER:  7.7081E-02  1.1713E-01  1.1461E-01  1.0593E-01  6.7082E-02  4.8065E-02 -1.6817E-03  8.7211E-02 -1.0575E-01  6.7109E-01
             1.1499E+00 -4.8530E-01  6.1960E-01 -6.6980E-01
 GRADIENT:   1.8033E+02  2.5353E+03 -5.6588E+02  2.6394E+03  1.8049E+03 -1.1956E+01  1.8174E+02  6.8766E+01 -2.9296E+01  1.3899E+00
             1.3291E+01  9.1022E+00  4.6697E+00  3.5256E+01

0ITERATION NO.:   20    OBJECTIVE VALUE:   30968.2434264168        NO. OF FUNC. EVALS.:  11
 CUMULATIVE NO. OF FUNC. EVALS.:      246
 NPARAMETR:  4.0064E-01  4.0916E+00  1.1478E+00  4.2345E+00  1.2906E+00  4.5359E-01 -2.1283E-02  3.7475E-01  2.1081E-01  7.1316E-02
             1.2111E-01  8.4933E-02  7.1743E-02  1.1571E-01
 PARAMETER:  8.0127E-02  1.1690E-01  1.1478E-01  1.0586E-01  6.4530E-02  4.5359E-02 -2.1283E-03  7.4950E-02  1.2632E-01  6.9464E-01
             1.1796E+00 -4.9405E-01  5.8674E-01 -8.3690E-01
 GRADIENT:   3.4542E+00 -1.1654E+03  5.3019E+02  2.4538E+03 -7.4210E+02 -1.9460E+02  1.0011E+02 -5.0028E+01  3.8392E+00  3.6491E+00
            -5.2690E+00  5.8929E+00 -2.6581E+00  1.0621E+01

0ITERATION NO.:   21    OBJECTIVE VALUE:   30967.3658426537        NO. OF FUNC. EVALS.:  11
 CUMULATIVE NO. OF FUNC. EVALS.:      257
 NPARAMETR:  3.9614E-01  4.0947E+00  1.1341E+00  4.2207E+00  1.2948E+00  4.7918E-01 -8.5131E-02  3.9410E-01  2.1054E-01  6.8348E-02
             1.2465E-01  8.3390E-02  7.2094E-02  1.1752E-01
 PARAMETER:  7.9228E-02  1.1699E-01  1.1341E-01  1.0552E-01  6.4738E-02  4.7918E-02 -8.5131E-03  7.8819E-02  1.2568E-01  6.6616E-01
             1.2149E+00 -4.9082E-01  6.0107E-01 -8.9207E-01
 GRADIENT:  -1.1223E+01  5.4228E+02 -5.0890E+01  1.2868E+02 -1.1527E+02  6.6563E+01 -9.3796E+01 -6.8751E+00  4.6033E+00 -7.0455E-01
            -2.6633E-01  5.8463E+00 -1.7115E+00  8.8665E+00

0ITERATION NO.:   22    OBJECTIVE VALUE:   30966.9341174852        NO. OF FUNC. EVALS.:  11
 CUMULATIVE NO. OF FUNC. EVALS.:      268
 NPARAMETR:  3.8724E-01  4.0924E+00  1.1373E+00  4.2153E+00  1.2991E+00  4.7280E-01 -5.1191E-02  4.0634E-01  2.0685E-01  6.7493E-02
             1.2665E-01  8.2466E-02  7.3545E-02  1.2021E-01
 PARAMETER:  7.7447E-02  1.1692E-01  1.1373E-01  1.0538E-01  6.4957E-02  4.7280E-02 -5.1191E-03  8.1268E-02  1.1683E-01  6.6367E-01
             1.2453E+00 -4.9706E-01  6.1617E-01 -9.2757E-01
 GRADIENT:  -4.1680E+01  2.1433E+02  8.4935E+01 -1.1120E+03 -2.2294E+00 -2.3489E+00  3.3167E+01  1.8550E+01  3.2874E+00 -2.5118E+00
             5.6788E+00 -9.6917E-01  2.8801E+00  8.8832E+00

0ITERATION NO.:   23    OBJECTIVE VALUE:   30966.9261872019        NO. OF FUNC. EVALS.:  12
 CUMULATIVE NO. OF FUNC. EVALS.:      280
 NPARAMETR:  3.8764E-01  4.0925E+00  1.1363E+00  4.2154E+00  1.2984E+00  4.7194E-01 -5.1275E-02  4.0358E-01  2.0580E-01  6.7067E-02
             1.2592E-01  8.2388E-02  7.3167E-02  1.1942E-01
 PARAMETER:  7.7528E-02  1.1693E-01  1.1363E-01  1.0539E-01  6.4920E-02  4.7194E-02 -5.1275E-03  8.0717E-02  1.1429E-01  6.6115E-01
             1.2413E+00 -4.9632E-01  6.1403E-01 -9.3107E-01
 GRADIENT:  -3.9041E+01  2.9918E+02  4.0790E+01 -1.0381E+03 -1.0604E+01 -7.3200E+00  3.4849E+01  1.6156E+01  3.0810E+00 -2.1680E+00
             4.4021E+00 -1.8356E-01  2.2561E+00  8.2926E+00

0ITERATION NO.:   24    OBJECTIVE VALUE:   30966.8549774589        NO. OF FUNC. EVALS.:  12
 CUMULATIVE NO. OF FUNC. EVALS.:      292
 NPARAMETR:  3.8888E-01  4.0921E+00  1.1350E+00  4.2162E+00  1.2967E+00  4.7158E-01 -5.6592E-02  3.9550E-01  2.0379E-01  6.6775E-02
             1.2507E-01  8.2318E-02  7.2767E-02  1.1791E-01
 PARAMETER:  7.7776E-02  1.1692E-01  1.1350E-01  1.0540E-01  6.4835E-02  4.7158E-02 -5.6592E-03  7.9099E-02  1.0939E-01  6.6151E-01
             1.2390E+00 -4.9709E-01  6.0790E-01 -9.4874E-01
 GRADIENT:  -3.4332E+01  2.2096E+02  3.1430E+01 -8.3890E+02 -8.8353E+01 -5.3851E+00  1.0779E+01  2.6316E+00  2.5765E+00 -6.1680E-01
             1.5405E+00  3.0990E-02  1.7039E+00  6.4156E+00

0ITERATION NO.:   25    OBJECTIVE VALUE:   30966.6982294734        NO. OF FUNC. EVALS.:  12
 CUMULATIVE NO. OF FUNC. EVALS.:      304
 NPARAMETR:  3.9198E-01  4.0923E+00  1.1338E+00  4.2176E+00  1.2951E+00  4.7091E-01 -5.7459E-02  3.9567E-01  2.0269E-01  6.6575E-02
             1.2521E-01  8.2249E-02  7.2188E-02  1.1618E-01
 PARAMETER:  7.8395E-02  1.1692E-01  1.1338E-01  1.0544E-01  6.4757E-02  4.7091E-02 -5.7459E-03  7.9135E-02  1.0669E-01  6.6131E-01
             1.2438E+00 -4.9755E-01  5.9433E-01 -9.8212E-01
 GRADIENT:  -2.2223E+01  4.0645E+02 -7.0828E+01 -4.6290E+02 -1.0195E+02 -5.6070E+00  1.4652E+01  6.2790E+00  2.6800E+00  3.6733E-01
            -1.3975E+00  1.4149E+00 -4.1115E-03  4.0719E+00

0ITERATION NO.:   26    OBJECTIVE VALUE:   30966.6879317296        NO. OF FUNC. EVALS.:  11
 CUMULATIVE NO. OF FUNC. EVALS.:      315
 NPARAMETR:  3.9198E-01  4.0915E+00  1.1330E+00  4.2181E+00  1.2952E+00  4.7045E-01 -5.9218E-02  3.8842E-01  1.9946E-01  6.5905E-02
             1.2509E-01  8.2178E-02  7.2083E-02  1.1586E-01
 PARAMETER:  7.8395E-02  1.1690E-01  1.1330E-01  1.0545E-01  6.4762E-02  4.7045E-02 -5.9218E-03  7.7684E-02  9.8650E-02  6.5994E-01
             1.2526E+00 -4.9739E-01  5.8827E-01 -1.0069E+00
 GRADIENT:  -1.9014E+01  2.6929E+02 -5.4082E+01 -3.9362E+02 -1.2213E+02 -3.7548E+00  3.9024E+00 -5.2830E+00  1.7536E+00  2.7348E-01
            -1.5170E+00  1.7399E+00 -4.7925E-01  3.3567E+00

0ITERATION NO.:   27    OBJECTIVE VALUE:   30966.5651295054        NO. OF FUNC. EVALS.:  13
 CUMULATIVE NO. OF FUNC. EVALS.:      328
 NPARAMETR:  3.9388E-01  4.0899E+00  1.1329E+00  4.2202E+00  1.2964E+00  4.6886E-01 -6.3819E-02  3.8700E-01  1.9418E-01  6.5372E-02
             1.2583E-01  8.2062E-02  7.2077E-02  1.1504E-01
 PARAMETER:  7.8776E-02  1.1686E-01  1.1329E-01  1.0550E-01  6.4820E-02  4.6886E-02 -6.3819E-03  7.7400E-02  8.5236E-02  6.6345E-01
             1.2771E+00 -5.0028E-01  5.7008E-01 -1.0800E+00
 GRADIENT:  -4.9772E+00  7.0963E+01 -4.5186E+01 -6.2811E+01 -1.1567E+02 -1.2688E+01 -1.5913E+01 -8.0668E+00  3.6852E-01  1.0460E+00
            -2.4985E+00  1.1776E+00 -9.7093E-01  1.2908E+00

0ITERATION NO.:   28    OBJECTIVE VALUE:   30966.4141044975        NO. OF FUNC. EVALS.:  11
 CUMULATIVE NO. OF FUNC. EVALS.:      339
 NPARAMETR:  3.9641E-01  4.0895E+00  1.1330E+00  4.2216E+00  1.2987E+00  4.7206E-01 -5.6550E-02  3.8028E-01  1.9153E-01  6.5344E-02
             1.2941E-01  8.2041E-02  7.2843E-02  1.1672E-01
 PARAMETER:  7.9283E-02  1.1684E-01  1.1330E-01  1.0554E-01  6.4934E-02  4.7206E-02 -5.6550E-03  7.6056E-02  7.8363E-02  6.6773E-01
             1.3224E+00 -5.0284E-01  5.5186E-01 -1.1764E+00
 GRADIENT:   8.4704E+00  8.6808E+01 -5.9417E+01  1.3330E+02 -8.1218E+00  3.2591E+01  1.5884E+01 -1.4492E+01  2.0599E-02 -1.0951E+00
             1.7426E+00  7.5182E-01 -1.5486E+00  9.8539E-01

0ITERATION NO.:   29    OBJECTIVE VALUE:   30966.3485856633        NO. OF FUNC. EVALS.:  11
 CUMULATIVE NO. OF FUNC. EVALS.:      350
 NPARAMETR:  3.9339E-01  4.0879E+00  1.1356E+00  4.2212E+00  1.3008E+00  4.6776E-01 -6.3108E-02  3.9596E-01  1.8669E-01  6.3929E-02
             1.2739E-01  8.1796E-02  7.2342E-02  1.1525E-01
 PARAMETER:  7.8678E-02  1.1680E-01  1.1356E-01  1.0553E-01  6.5042E-02  4.6776E-02 -6.3108E-03  7.9192E-02  6.5564E-02  6.6168E-01
             1.3186E+00 -5.0153E-01  5.5167E-01 -1.2079E+00
 GRADIENT:  -6.2483E+00 -2.3742E+02  6.3763E+01 -9.2564E+01 -2.4569E+01 -2.2735E+01 -1.5866E+01  4.1283E+00 -8.2092E-01 -4.6546E-01
            -3.5953E-02  6.1873E-01 -1.1879E+00  1.1922E-01

0ITERATION NO.:   30    OBJECTIVE VALUE:   30966.3196743882        NO. OF FUNC. EVALS.:  11
 CUMULATIVE NO. OF FUNC. EVALS.:      361
 NPARAMETR:  3.9513E-01  4.0888E+00  1.1346E+00  4.2213E+00  1.3001E+00  4.6965E-01 -6.0408E-02  3.9139E-01  1.8995E-01  6.4957E-02
             1.2850E-01  8.1895E-02  7.2902E-02  1.1586E-01
 PARAMETER:  7.9026E-02  1.1682E-01  1.1346E-01  1.0553E-01  6.5006E-02  4.6965E-02 -6.0408E-03  7.8279E-02  7.4220E-02  6.6653E-01
             1.3185E+00 -5.0339E-01  5.5736E-01 -1.1967E+00
 GRADIENT:   2.6622E+00 -2.1703E+01 -8.7172E+00  6.0215E+00  2.4287E+00 -1.0540E+00 -1.4093E+00  2.5191E-01 -3.3770E-01  8.1275E-01
            -3.8908E-01 -8.6885E-01  1.9845E-01 -2.6618E-02

0ITERATION NO.:   31    OBJECTIVE VALUE:   30966.2871068739        NO. OF FUNC. EVALS.:  11
 CUMULATIVE NO. OF FUNC. EVALS.:      372
 NPARAMETR:  3.9512E-01  4.0893E+00  1.1346E+00  4.2211E+00  1.2993E+00  4.7004E-01 -5.9071E-02  3.9051E-01  1.9042E-01  6.4272E-02
             1.2874E-01  8.1807E-02  7.2609E-02  1.1595E-01
 PARAMETER:  7.9025E-02  1.1684E-01  1.1346E-01  1.0553E-01  6.4967E-02  4.7004E-02 -5.9071E-03  7.8103E-02  7.5457E-02  6.5869E-01
             1.3194E+00 -4.9979E-01  5.5909E-01 -1.2003E+00
 GRADIENT:  -4.0849E+00  1.5450E+01 -5.7849E-01 -3.2994E+01 -1.3865E+01  6.1683E+00  4.6776E+00 -8.7137E-01  3.4043E-01 -1.0031E+00
             6.8613E-01  1.0410E+00 -9.9978E-01  2.7905E-01

0ITERATION NO.:   32    OBJECTIVE VALUE:   30966.2871068739        NO. OF FUNC. EVALS.:  27
 CUMULATIVE NO. OF FUNC. EVALS.:      399
 NPARAMETR:  3.9512E-01  4.0893E+00  1.1346E+00  4.2211E+00  1.2993E+00  4.7004E-01 -5.9071E-02  3.9051E-01  1.9042E-01  6.4272E-02
             1.2874E-01  8.1807E-02  7.2609E-02  1.1595E-01
 PARAMETER:  7.9025E-02  1.1684E-01  1.1346E-01  1.0553E-01  6.4967E-02  4.7004E-02 -5.9071E-03  7.8103E-02  7.5457E-02  6.5869E-01
             1.3194E+00 -4.9979E-01  5.5909E-01 -1.2003E+00
 GRADIENT:  -7.6535E+00 -2.2497E+03 -6.9797E+02 -5.7378E+02 -7.2278E+01 -7.0990E+01 -4.2831E+01 -8.4030E+00  3.4043E-01 -1.0031E+00
             6.8613E-01  1.0410E+00 -9.9978E-01  2.7905E-01

0ITERATION NO.:   33    OBJECTIVE VALUE:   30963.7213404228        NO. OF FUNC. EVALS.:  28
 CUMULATIVE NO. OF FUNC. EVALS.:      427
 NPARAMETR:  4.2190E-01  4.1196E+00  1.1694E+00  4.2230E+00  1.2912E+00  4.8937E-01 -4.2082E-02  4.1211E-01  1.8372E-01  6.4385E-02
             1.2471E-01  8.1560E-02  7.0863E-02  1.1210E-01
 PARAMETER:  8.4379E-02  1.1770E-01  1.1694E-01  1.0557E-01  6.4560E-02  4.8937E-02 -4.2082E-03  8.2423E-02  5.7547E-02  6.7177E-01
             1.3012E+00 -5.0917E-01  5.2566E-01 -1.1948E+00
 GRADIENT:  -9.7596E+01  1.4587E+01 -7.6683E+01  1.7670E+02 -2.8474E+02  6.5206E+01 -1.6357E+01 -1.4205E+01  2.7162E+00  3.1385E+00
            -5.6954E+00  3.1518E+00 -4.9587E+00 -2.0286E+00

0ITERATION NO.:   34    OBJECTIVE VALUE:   30963.3352612100        NO. OF FUNC. EVALS.:  26
 CUMULATIVE NO. OF FUNC. EVALS.:      453
 NPARAMETR:  4.4211E-01  4.1284E+00  1.1764E+00  4.2213E+00  1.2871E+00  4.8335E-01 -3.8851E-02  4.1793E-01  1.8031E-01  6.2373E-02
             1.2431E-01  8.0755E-02  7.0874E-02  1.1370E-01
 PARAMETER:  8.8421E-02  1.1795E-01  1.1764E-01  1.0553E-01  6.4353E-02  4.8335E-02 -3.8851E-03  8.3586E-02  4.8185E-02  6.5690E-01
             1.3093E+00 -5.0762E-01  5.3867E-01 -1.1974E+00
 GRADIENT:  -3.6082E+01  4.5026E+02 -1.0473E+02  2.2209E+02 -1.2969E+02  6.1829E-01  4.3279E+00 -1.9952E+00 -7.5619E-01  1.6552E+00
            -8.2248E-01  2.5660E+00 -2.3608E+00 -4.2463E-01

0ITERATION NO.:   35    OBJECTIVE VALUE:   30963.2280796827        NO. OF FUNC. EVALS.:  26
 CUMULATIVE NO. OF FUNC. EVALS.:      479
 NPARAMETR:  4.5249E-01  4.1297E+00  1.1809E+00  4.2198E+00  1.2883E+00  4.8424E-01 -3.7575E-02  4.2119E-01  1.8394E-01  6.1676E-02
             1.2452E-01  7.9931E-02  7.0462E-02  1.1346E-01
 PARAMETER:  9.0498E-02  1.1799E-01  1.1809E-01  1.0550E-01  6.4414E-02  4.8424E-02 -3.7575E-03  8.4239E-02  5.8154E-02  6.4311E-01
             1.2984E+00 -5.0702E-01  5.5455E-01 -1.1843E+00
 GRADIENT:  -1.1322E+00  8.1341E+01 -4.8673E+00 -3.1890E+01 -3.7900E+01  5.6512E+00  4.8086E+00 -1.1232E+00 -4.0763E-01  6.0846E-01
            -5.4763E-01  1.0676E+00 -9.6924E-01 -2.7158E-01

0ITERATION NO.:   36    OBJECTIVE VALUE:   30963.2176179523        NO. OF FUNC. EVALS.:  26
 CUMULATIVE NO. OF FUNC. EVALS.:      505
 NPARAMETR:  4.5264E-01  4.1292E+00  1.1807E+00  4.2199E+00  1.2891E+00  4.8349E-01 -3.8930E-02  4.2099E-01  1.8603E-01  6.1523E-02
             1.2479E-01  7.9568E-02  7.0408E-02  1.1369E-01
 PARAMETER:  9.0527E-02  1.1798E-01  1.1807E-01  1.0550E-01  6.4454E-02  4.8349E-02 -3.8930E-03  8.4198E-02  6.3784E-02  6.3792E-01
             1.2939E+00 -5.0727E-01  5.6294E-01 -1.1717E+00
 GRADIENT:   3.0381E+00  2.6082E+00 -4.0675E+00 -4.5676E+01 -8.3558E+00 -1.1005E+00 -5.6936E-01 -9.7021E-01 -1.1784E-02  3.4071E-02
            -1.6423E-02 -4.3518E-02 -2.1603E-01 -5.0409E-02

0ITERATION NO.:   37    OBJECTIVE VALUE:   30963.2163546115        NO. OF FUNC. EVALS.:  26
 CUMULATIVE NO. OF FUNC. EVALS.:      531
 NPARAMETR:  4.5164E-01  4.1288E+00  1.1806E+00  4.2201E+00  1.2896E+00  4.8374E-01 -3.8748E-02  4.2148E-01  1.8608E-01  6.1372E-02
             1.2453E-01  7.9529E-02  7.0379E-02  1.1365E-01
 PARAMETER:  9.0327E-02  1.1797E-01  1.1806E-01  1.0550E-01  6.4479E-02  4.8374E-02 -3.8748E-03  8.4296E-02  6.3924E-02  6.3626E-01
             1.2911E+00 -5.0670E-01  5.6588E-01 -1.1662E+00
 GRADIENT:   1.9183E+00 -1.6796E+01 -1.8027E+00 -2.0264E+01 -2.2296E+00 -2.0481E-01 -1.2824E-01 -3.1881E-01  9.6140E-04 -1.9552E-02
            -7.1871E-02 -9.4442E-02 -4.1836E-02 -2.2918E-02

0ITERATION NO.:   38    OBJECTIVE VALUE:   30963.2161465875        NO. OF FUNC. EVALS.:  26
 CUMULATIVE NO. OF FUNC. EVALS.:      557
 NPARAMETR:  4.5106E-01  4.1288E+00  1.1807E+00  4.2203E+00  1.2898E+00  4.8380E-01 -3.8746E-02  4.2163E-01  1.8606E-01  6.1373E-02
             1.2450E-01  7.9569E-02  7.0418E-02  1.1369E-01
 PARAMETER:  9.0213E-02  1.1797E-01  1.1807E-01  1.0551E-01  6.4491E-02  4.8380E-02 -3.8746E-03  8.4326E-02  6.3867E-02  6.3632E-01
             1.2908E+00 -5.0640E-01  5.6655E-01 -1.1648E+00
 GRADIENT:   1.8595E-01 -3.5644E+00 -2.0736E-01 -1.5629E+00 -1.3601E-01 -2.2367E-01 -3.1132E-01 -1.2480E-01  1.2707E-02 -1.3316E-02
            -2.6987E-02 -2.8662E-02 -2.1098E-03 -6.5727E-03

0ITERATION NO.:   39    OBJECTIVE VALUE:   30963.2161465875        NO. OF FUNC. EVALS.:  16
 CUMULATIVE NO. OF FUNC. EVALS.:      573
 NPARAMETR:  4.5106E-01  4.1288E+00  1.1807E+00  4.2203E+00  1.2898E+00  4.8380E-01 -3.8746E-02  4.2163E-01  1.8606E-01  6.1373E-02
             1.2450E-01  7.9569E-02  7.0418E-02  1.1369E-01
 PARAMETER:  9.0213E-02  1.1797E-01  1.1807E-01  1.0551E-01  6.4491E-02  4.8380E-02 -3.8746E-03  8.4326E-02  6.3867E-02  6.3632E-01
             1.2908E+00 -5.0640E-01  5.6655E-01 -1.1648E+00
 GRADIENT:   1.8595E-01 -3.5644E+00 -2.0736E-01 -1.5629E+00 -1.3601E-01 -2.2367E-01 -3.1132E-01 -1.2480E-01  1.2707E-02 -1.3316E-02
            -2.6987E-02 -2.8662E-02 -2.1098E-03 -6.5727E-03

 #TERM:
0MINIMIZATION SUCCESSFUL
 NO. OF FUNCTION EVALUATIONS USED:      573
 NO. OF SIG. DIGITS IN FINAL EST.:  3.0

 ETABAR IS THE ARITHMETIC MEAN OF THE ETA-ESTIMATES,
 AND THE P-VALUE IS GIVEN FOR THE NULL HYPOTHESIS THAT THE TRUE MEAN IS 0.

 ETABAR:        -5.3881E-03 -1.1776E-04  9.0066E-04
 SE:             3.0619E-02  2.1000E-02  2.6260E-02
 N:                     160         160         160

 P VAL.:         8.6031E-01  9.9553E-01  9.7264E-01

 ETASHRINKSD(%)  1.0210E+01  5.8325E+00  1.4858E+00
 ETASHRINKVR(%)  1.9378E+01  1.1325E+01  2.9495E+00
 EBVSHRINKSD(%)  1.0389E+01  5.8532E+00  1.5045E+00
 EBVSHRINKVR(%)  1.9698E+01  1.1364E+01  2.9864E+00
 RELATIVEINF(%)  1.4768E+01  5.1016E+01  8.5231E+01
 EPSSHRINKSD(%)  1.3226E+01
 EPSSHRINKVR(%)  2.4703E+01

  
 TOTAL DATA POINTS NORMALLY DISTRIBUTED (N):         3142
 N*LOG(2PI) CONSTANT TO OBJECTIVE FUNCTION:    5774.6097426581628     
 OBJECTIVE FUNCTION VALUE WITHOUT CONSTANT:    30963.216146587485     
 OBJECTIVE FUNCTION VALUE WITH CONSTANT:       36737.825889245651     
 REPORTED OBJECTIVE FUNCTION DOES NOT CONTAIN CONSTANT
  
 TOTAL EFFECTIVE ETAS (NIND*NETA):                           480
  
 #TERE:
 Elapsed estimation  time in seconds:    23.23
 Elapsed covariance  time in seconds:    12.19
 Elapsed postprocess time in seconds:     1.75
1
 
 
 
 
 
 
 
 
 
 
 
 
 
 
 
 
 
 
 
 
 ************************************************************************************************************************
 ********************                                                                                ********************
 ********************               FIRST ORDER CONDITIONAL ESTIMATION WITH INTERACTION              ********************
 #OBJT:**************                       MINIMUM VALUE OF OBJECTIVE FUNCTION                      ********************
 ********************                                                                                ********************
 ************************************************************************************************************************
 





 #OBJV:********************************************    30963.216       **************************************************
1
 ************************************************************************************************************************
 ********************                                                                                ********************
 ********************               FIRST ORDER CONDITIONAL ESTIMATION WITH INTERACTION              ********************
 ********************                             FINAL PARAMETER ESTIMATE                           ********************
 ********************                                                                                ********************
 ************************************************************************************************************************
 


 THETA - VECTOR OF FIXED EFFECTS PARAMETERS   *********


         TH 1      TH 2      TH 3      TH 4      TH 5      TH 6      TH 7      TH 8     
 
         4.51E-01  4.13E+00  1.18E+00  4.22E+00  1.29E+00  4.84E-01 -3.87E-02  4.22E-01
 


 OMEGA - COV MATRIX FOR RANDOM EFFECTS - ETAS  ********


         ETA1      ETA2      ETA3     
 
 ETA1
+        1.86E-01
 
 ETA2
+        6.14E-02  7.96E-02
 
 ETA3
+        1.24E-01  7.04E-02  1.14E-01
 


 SIGMA - COV MATRIX FOR RANDOM EFFECTS - EPSILONS  ****


         EPS1     
 
 EPS1
+        5.00E-02
 
1


 OMEGA - CORR MATRIX FOR RANDOM EFFECTS - ETAS  *******


         ETA1      ETA2      ETA3     
 
 ETA1
+        4.31E-01
 
 ETA2
+        5.04E-01  2.82E-01
 
 ETA3
+        8.56E-01  7.40E-01  3.37E-01
 


 SIGMA - CORR MATRIX FOR RANDOM EFFECTS - EPSILONS  ***


         EPS1     
 
 EPS1
+        2.24E-01
 
1
 ************************************************************************************************************************
 ********************                                                                                ********************
 ********************               FIRST ORDER CONDITIONAL ESTIMATION WITH INTERACTION              ********************
 ********************                            STANDARD ERROR OF ESTIMATE                          ********************
 ********************                                                                                ********************
 ************************************************************************************************************************
 


 THETA - VECTOR OF FIXED EFFECTS PARAMETERS   *********


         TH 1      TH 2      TH 3      TH 4      TH 5      TH 6      TH 7      TH 8     
 
         6.65E-02  2.76E-02  2.77E-02  1.88E-02  3.46E-02  3.99E-02  6.26E-02  8.65E-02
 


 OMEGA - COV MATRIX FOR RANDOM EFFECTS - ETAS  ********


         ETA1      ETA2      ETA3     
 
 ETA1
+        5.51E-02
 
 ETA2
+        1.97E-02  9.84E-03
 
 ETA3
+        2.29E-02  9.23E-03  1.28E-02
 


 SIGMA - COV MATRIX FOR RANDOM EFFECTS - EPSILONS  ****


         EPS1     
 
 EPS1
+       .........
 
1


 OMEGA - CORR MATRIX FOR RANDOM EFFECTS - ETAS  *******


         ETA1      ETA2      ETA3     
 
 ETA1
+        6.39E-02
 
 ETA2
+        1.12E-01  1.74E-02
 
 ETA3
+        1.02E-01  4.22E-02  1.89E-02
 


 SIGMA - CORR MATRIX FOR RANDOM EFFECTS - EPSILONS  ***


         EPS1     
 
 EPS1
+       .........
 
1
 ************************************************************************************************************************
 ********************                                                                                ********************
 ********************               FIRST ORDER CONDITIONAL ESTIMATION WITH INTERACTION              ********************
 ********************                          COVARIANCE MATRIX OF ESTIMATE                         ********************
 ********************                                                                                ********************
 ************************************************************************************************************************
 

            TH 1      TH 2      TH 3      TH 4      TH 5      TH 6      TH 7      TH 8      OM11      OM12      OM13      OM22  
             OM23      OM33      SG11  
 
 TH 1
+        4.42E-03
 
 TH 2
+        1.04E-03  7.60E-04
 
 TH 3
+        7.56E-04  4.60E-04  7.69E-04
 
 TH 4
+       -3.05E-04 -9.08E-05  2.20E-05  3.54E-04
 
 TH 5
+       -1.10E-03 -4.34E-04 -1.49E-04  1.32E-04  1.20E-03
 
 TH 6
+       -2.46E-04  7.89E-05  2.70E-04  7.62E-05 -8.13E-05  1.59E-03
 
 TH 7
+       -1.39E-04  1.01E-04  4.11E-04  9.64E-05 -2.26E-04 -8.27E-05  3.92E-03
 
 TH 8
+       -6.06E-04 -2.70E-04  3.17E-04  2.10E-04 -4.31E-05  5.74E-04 -1.04E-04  7.49E-03
 
 OM11
+        7.45E-04  7.13E-05 -5.67E-05 -7.39E-05 -3.00E-05 -2.94E-04 -3.62E-04 -7.12E-04  3.04E-03
 
 OM12
+        1.60E-04 -1.33E-05  1.96E-05 -2.09E-05  1.32E-04 -5.61E-05 -1.08E-04 -1.44E-05  6.33E-04  3.86E-04
 
 OM13
+        5.72E-04  4.87E-05 -8.34E-06 -4.07E-05 -2.82E-05 -1.85E-04 -1.01E-04 -2.68E-04  8.60E-04  3.04E-04  5.25E-04
 
 OM22
+        2.09E-05 -6.06E-06 -1.64E-07 -1.19E-05  7.78E-05 -4.43E-05 -2.66E-05 -1.79E-05  1.76E-04  1.43E-04  1.01E-04  9.68E-05
 
 OM23
+        3.91E-05 -9.90E-06  9.13E-06 -2.38E-06  4.52E-05 -1.66E-05 -1.84E-05 -1.05E-05  1.86E-04  1.31E-04  1.36E-04  6.87E-05
          8.51E-05
 
 OM33
+        6.16E-05  2.92E-05  3.28E-05 -4.76E-07 -3.98E-05  2.38E-05  8.07E-05 -4.88E-05  1.65E-04  9.91E-05  1.64E-04  4.04E-05
          8.71E-05  1.63E-04
 
 SG11
+       ......... ......... ......... ......... ......... ......... ......... ......... ......... ......... ......... .........
         ......... ......... .........
 
1
 ************************************************************************************************************************
 ********************                                                                                ********************
 ********************               FIRST ORDER CONDITIONAL ESTIMATION WITH INTERACTION              ********************
 ********************                          CORRELATION MATRIX OF ESTIMATE                        ********************
 ********************                                                                                ********************
 ************************************************************************************************************************
 

            TH 1      TH 2      TH 3      TH 4      TH 5      TH 6      TH 7      TH 8      OM11      OM12      OM13      OM22  
             OM23      OM33      SG11  
 
 TH 1
+        6.65E-02
 
 TH 2
+        5.65E-01  2.76E-02
 
 TH 3
+        4.10E-01  6.01E-01  2.77E-02
 
 TH 4
+       -2.44E-01 -1.75E-01  4.21E-02  1.88E-02
 
 TH 5
+       -4.77E-01 -4.54E-01 -1.56E-01  2.03E-01  3.46E-02
 
 TH 6
+       -9.27E-02  7.17E-02  2.44E-01  1.01E-01 -5.88E-02  3.99E-02
 
 TH 7
+       -3.34E-02  5.86E-02  2.37E-01  8.19E-02 -1.04E-01 -3.31E-02  6.26E-02
 
 TH 8
+       -1.05E-01 -1.13E-01  1.32E-01  1.29E-01 -1.44E-02  1.66E-01 -1.91E-02  8.65E-02
 
 OM11
+        2.03E-01  4.70E-02 -3.71E-02 -7.13E-02 -1.57E-02 -1.34E-01 -1.05E-01 -1.49E-01  5.51E-02
 
 OM12
+        1.22E-01 -2.46E-02  3.60E-02 -5.65E-02  1.94E-01 -7.15E-02 -8.81E-02 -8.48E-03  5.85E-01  1.97E-02
 
 OM13
+        3.75E-01  7.72E-02 -1.31E-02 -9.45E-02 -3.55E-02 -2.03E-01 -7.02E-02 -1.35E-01  6.82E-01  6.76E-01  2.29E-02
 
 OM22
+        3.19E-02 -2.23E-02 -6.00E-04 -6.42E-02  2.29E-01 -1.13E-01 -4.32E-02 -2.10E-02  3.24E-01  7.37E-01  4.49E-01  9.84E-03
 
 OM23
+        6.38E-02 -3.89E-02  3.57E-02 -1.37E-02  1.42E-01 -4.50E-02 -3.19E-02 -1.32E-02  3.65E-01  7.24E-01  6.43E-01  7.56E-01
          9.23E-03
 
 OM33
+        7.24E-02  8.28E-02  9.24E-02 -1.98E-03 -9.00E-02  4.68E-02  1.01E-01 -4.41E-02  2.35E-01  3.94E-01  5.59E-01  3.21E-01
          7.39E-01  1.28E-02
 
 SG11
+       ......... ......... ......... ......... ......... ......... ......... ......... ......... ......... ......... .........
         ......... ......... .........
 
1
 ************************************************************************************************************************
 ********************                                                                                ********************
 ********************               FIRST ORDER CONDITIONAL ESTIMATION WITH INTERACTION              ********************
 ********************                      INVERSE COVARIANCE MATRIX OF ESTIMATE                     ********************
 ********************                                                                                ********************
 ************************************************************************************************************************
 

            TH 1      TH 2      TH 3      TH 4      TH 5      TH 6      TH 7      TH 8      OM11      OM12      OM13      OM22  
             OM23      OM33      SG11  
 
 TH 1
+        5.81E+02
 
 TH 2
+       -2.63E+02  3.22E+03
 
 TH 3
+       -4.61E+02 -1.70E+03  3.08E+03
 
 TH 4
+        1.86E+02  2.69E+02 -4.13E+02  3.23E+03
 
 TH 5
+        3.75E+02  6.84E+02 -6.47E+02 -2.09E+02  1.53E+03
 
 TH 6
+        7.69E+01  7.16E+01 -3.68E+02 -7.21E+01  1.23E+02  7.74E+02
 
 TH 7
+        6.32E+01  1.56E+02 -3.23E+02 -5.27E+01  1.24E+02  7.85E+01  3.10E+02
 
 TH 8
+        2.90E+01  1.53E+02 -1.69E+02 -5.16E+01  9.26E+01 -1.94E+01  2.37E+01  1.57E+02
 
 OM11
+        1.08E+02 -3.84E+01 -5.50E+01 -1.73E+01  1.38E+02 -6.72E+00  2.89E+01  4.21E+01  7.53E+02
 
 OM12
+        1.03E+02  1.94E+02 -5.49E+02  2.87E+02 -3.90E+02 -2.87E+02  3.68E+01 -1.13E+02 -8.20E+02  1.03E+04
 
 OM13
+       -1.01E+03  1.43E+02  1.01E+03 -2.19E+02 -4.05E+02  4.12E+02 -3.68E+01  4.97E+00 -1.26E+03 -2.63E+03  8.54E+03
 
 OM22
+        1.17E+02 -2.04E+03  1.20E+03  7.07E+02 -4.99E+02  4.25E+02 -3.97E+02  4.56E+01  2.74E+02 -7.43E+03  2.30E+03  4.15E+04
 
 OM23
+       -2.01E+02  2.89E+03 -1.49E+03 -6.48E+02 -5.77E+02  2.30E+01  7.32E+02 -8.03E+01  7.48E+02 -6.01E+03 -3.62E+03 -3.97E+04
          9.29E+04
 
 OM33
+        9.02E+02 -1.27E+03 -2.59E+02  1.78E+02  1.12E+03 -4.45E+02 -4.22E+02  1.09E+02  5.38E+02  2.17E+03 -4.31E+03  1.29E+04
         -3.39E+04  2.40E+04
 
 SG11
+       ......... ......... ......... ......... ......... ......... ......... ......... ......... ......... ......... .........
         ......... ......... .........
 
1
 
 
 
 
 
 
 
 
 
 
 
 
 
 
 
 
 
 
 
 
 ************************************************************************************************************************
 ********************                                                                                ********************
 ********************               FIRST ORDER CONDITIONAL ESTIMATION WITH INTERACTION              ********************
 ********************                      EIGENVALUES OF COR MATRIX OF ESTIMATE                     ********************
 ********************                                                                                ********************
 ************************************************************************************************************************
 

             1         2         3         4         5         6         7         8         9        10        11        12
             13        14
 
         8.01E-02  1.36E-01  1.91E-01  2.39E-01  4.07E-01  5.21E-01  7.04E-01  8.69E-01  8.97E-01  9.42E-01  1.10E+00  1.55E+00
          2.48E+00  3.88E+00
 
 Elapsed finaloutput time in seconds:     0.52
 #CPUT: Total CPU Time in Seconds,       34.574
Stop Time:
Thu 30 Jan 2025 11:53:47 AM EST
